2025-11-04 10:48:58,551 - [Script 2] - INFO - AWS clients initialized successfully
2025-11-04 10:48:58,552 - [Script 2] - INFO - ================================================================================
2025-11-04 10:48:58,552 - [Script 2] - INFO - Starting Script 2
2025-11-04 10:48:58,552 - [Script 2] - INFO - Page Range: 2,560 to 5,118
2025-11-04 10:48:58,552 - [Script 2] - INFO - Debugging Port: 9224
2025-11-04 10:48:58,553 - [Script 2] - INFO - Profile Directory: C:/temp/chrome_profile_script_2_*
2025-11-04 10:48:58,553 - [Script 2] - INFO - ================================================================================
2025-11-04 10:48:58,553 - [Script 2] - INFO - Performing pre-launch cleanup...
2025-11-04 10:48:58,553 - [Script 2] - INFO - Performing pre-launch cleanup for Script 2
2025-11-04 10:48:59,821 - [Script 2] - INFO - Force cleaning Chrome processes for Script 2
2025-11-04 10:48:59,895 - [Script 2] - INFO - Pre-launch cleanup completed for Script 2
2025-11-04 10:48:59,896 - [Script 2] - INFO - Initializing browser...
2025-11-04 10:48:59,896 - [Script 2] - INFO - Attempting to create Chrome instance (attempt 1/3) for Script 2
2025-11-04 10:49:03,107 - [Script 2] - INFO - Chrome instance created successfully for Script 2
2025-11-04 10:49:03,107 - [Script 2] - INFO - Navigating to https://judgments.ecourts.gov.in/pdfsearch/index.php
2025-11-04 10:49:07,131 - [Script 2] - INFO - Page loaded successfully.
2025-11-04 10:49:07,268 - [Script 2] - INFO - Captcha image saved as captcha.png
2025-11-04 10:49:07,268 - [Script 2] - INFO - Solving captcha...
2025-11-04 10:49:07,268 - [Script 2] - INFO - Attempting to solve captcha (attempt 1/3)...
2025-11-04 10:49:07,366 - [Script 2] - INFO - Captcha image captured
2025-11-04 10:49:14,620 - [Script 2] - INFO - Claude Prediction: qTLz6Y
2025-11-04 10:49:14,620 - [Script 2] - INFO - Filling captcha input field...
2025-11-04 10:49:14,724 - [Script 2] - INFO - Submitting the captcha...
2025-11-04 10:49:16,798 - [Script 2] - WARNING - Captcha validation error detected!
2025-11-04 10:49:16,798 - [Script 2] - WARNING - Captcha validation failed on attempt 1
2025-11-04 10:49:16,879 - [Script 2] - INFO - Captcha error modal closed
2025-11-04 10:49:17,880 - [Script 2] - INFO - Refreshing page and retrying captcha...
2025-11-04 10:49:21,158 - [Script 2] - INFO - Attempting to solve captcha (attempt 2/3)...
2025-11-04 10:49:21,222 - [Script 2] - INFO - Captcha image captured
2025-11-04 10:49:36,436 - [Script 2] - INFO - Claude Prediction: ZALSSV
2025-11-04 10:49:36,437 - [Script 2] - INFO - Filling captcha input field...
2025-11-04 10:49:36,537 - [Script 2] - INFO - Submitting the captcha...
2025-11-04 10:49:38,600 - [Script 2] - WARNING - Captcha validation error detected!
2025-11-04 10:49:38,600 - [Script 2] - WARNING - Captcha validation failed on attempt 2
2025-11-04 10:49:38,667 - [Script 2] - INFO - Captcha error modal closed
2025-11-04 10:49:39,668 - [Script 2] - INFO - Refreshing page and retrying captcha...
2025-11-04 10:49:42,992 - [Script 2] - INFO - Attempting to solve captcha (attempt 3/3)...
2025-11-04 10:49:43,054 - [Script 2] - INFO - Captcha image captured
2025-11-04 10:49:59,038 - [Script 2] - INFO - Claude Prediction: giLVYl
2025-11-04 10:49:59,038 - [Script 2] - INFO - Filling captcha input field...
2025-11-04 10:49:59,123 - [Script 2] - INFO - Submitting the captcha...
2025-11-04 10:50:01,188 - [Script 2] - WARNING - Captcha validation error detected!
2025-11-04 10:50:01,188 - [Script 2] - WARNING - Captcha validation failed on attempt 3
2025-11-04 10:50:01,242 - [Script 2] - INFO - Captcha error modal closed
2025-11-04 10:50:02,243 - [Script 2] - ERROR - Failed to solve captcha after maximum retries
2025-11-04 10:50:02,244 - [Script 2] - ERROR - Failed to solve captcha after multiple attempts
2025-11-04 10:53:37,365 - [Script 2] - INFO - AWS clients initialized successfully
2025-11-04 10:53:37,365 - [Script 2] - INFO - ================================================================================
2025-11-04 10:53:37,365 - [Script 2] - INFO - Starting Script 2
2025-11-04 10:53:37,366 - [Script 2] - INFO - Page Range: 2,560 to 5,118
2025-11-04 10:53:37,366 - [Script 2] - INFO - Debugging Port: 9224
2025-11-04 10:53:37,366 - [Script 2] - INFO - Profile Directory: C:/temp/chrome_profile_script_2_*
2025-11-04 10:53:37,366 - [Script 2] - INFO - ================================================================================
2025-11-04 10:53:37,366 - [Script 2] - INFO - Performing pre-launch cleanup...
2025-11-04 10:53:37,366 - [Script 2] - INFO - Performing pre-launch cleanup for Script 2
2025-11-04 10:53:38,410 - [Script 2] - INFO - Force cleaning Chrome processes for Script 2
2025-11-04 10:53:38,444 - [Script 2] - INFO - Pre-launch cleanup completed for Script 2
2025-11-04 10:53:38,444 - [Script 2] - INFO - Initializing browser...
2025-11-04 10:53:38,444 - [Script 2] - INFO - Attempting to create Chrome instance (attempt 1/3) for Script 2
2025-11-04 10:53:39,419 - [Script 2] - INFO - \nScript interrupted by user
2025-11-04 11:00:28,663 - [Script 2] - INFO - AWS clients initialized successfully
2025-11-04 11:00:28,663 - [Script 2] - INFO - ================================================================================
2025-11-04 11:00:28,664 - [Script 2] - INFO - Starting Script 2
2025-11-04 11:00:28,664 - [Script 2] - INFO - Page Range: 2,560 to 5,118
2025-11-04 11:00:28,664 - [Script 2] - INFO - Debugging Port: 9224
2025-11-04 11:00:28,664 - [Script 2] - INFO - Profile Directory: C:/temp/chrome_profile_script_2_*
2025-11-04 11:00:28,664 - [Script 2] - INFO - ================================================================================
2025-11-04 11:00:28,664 - [Script 2] - INFO - Performing pre-launch cleanup...
2025-11-04 11:00:28,665 - [Script 2] - INFO - Performing pre-launch cleanup for Script 2
2025-11-04 11:00:29,701 - [Script 2] - INFO - Force cleaning Chrome processes for Script 2
2025-11-04 11:00:29,731 - [Script 2] - INFO - Pre-launch cleanup completed for Script 2
2025-11-04 11:00:29,731 - [Script 2] - INFO - Initializing browser...
2025-11-04 11:00:29,731 - [Script 2] - INFO - Attempting to create Chrome instance (attempt 1/3) for Script 2
2025-11-04 11:00:30,730 - [Script 2] - INFO - Chrome instance created successfully for Script 2
2025-11-04 11:00:30,730 - [Script 2] - INFO - Navigating to https://judgments.ecourts.gov.in/pdfsearch/index.php
2025-11-04 11:00:33,865 - [Script 2] - ERROR - An error occurred: Message: no such window: target window already closed
from unknown error: web view not found
  (Session info: chrome=142.0.7444.59)
Stacktrace:
Symbols not available. Dumping unresolved backtrace:
	0x7ff6dcf07a35
	0x7ff6dcf07a90
	0x7ff6dcc816ad
	0x7ff6dcc58e01
	0x7ff6dcd0a0be
	0x7ff6dcd2b222
	0x7ff6dcccb068
	0x7ff6dcccbe93
	0x7ff6dd1c29d0
	0x7ff6dd1bce50
	0x7ff6dd1dcc45
	0x7ff6dcf230ce
	0x7ff6dcf2adbf
	0x7ff6dcf10c14
	0x7ff6dcf10dcf
	0x7ff6dcef6828
	0x7ff88b95e8d7
	0x7ff88d54c53c

2025-11-04 11:00:33,865 - [Script 2] - INFO - Solving captcha...
2025-11-04 11:00:33,866 - [Script 2] - INFO - Attempting to solve captcha (attempt 1/3)...
2025-11-04 11:00:33,867 - [Script 2] - ERROR - Failed to capture captcha image: Message: no such window: target window already closed
from unknown error: web view not found
  (Session info: chrome=142.0.7444.59)
Stacktrace:
Symbols not available. Dumping unresolved backtrace:
	0x7ff6dcf07a35
	0x7ff6dcf07a90
	0x7ff6dcc816ad
	0x7ff6dcc58e01
	0x7ff6dcd0a0be
	0x7ff6dcd2b222
	0x7ff6dcccb068
	0x7ff6dcccbe93
	0x7ff6dd1c29d0
	0x7ff6dd1bce50
	0x7ff6dd1dcc45
	0x7ff6dcf230ce
	0x7ff6dcf2adbf
	0x7ff6dcf10c14
	0x7ff6dcf10dcf
	0x7ff6dcef6828
	0x7ff88b95e8d7
	0x7ff88d54c53c

2025-11-04 11:00:33,869 - [Script 2] - ERROR - Failed to solve captcha on attempt 1: Message: no such window: target window already closed
from unknown error: web view not found
  (Session info: chrome=142.0.7444.59)
Stacktrace:
Symbols not available. Dumping unresolved backtrace:
	0x7ff6dcf07a35
	0x7ff6dcf07a90
	0x7ff6dcc816ad
	0x7ff6dcc58e01
	0x7ff6dcd0a0be
	0x7ff6dcd2b222
	0x7ff6dcccb068
	0x7ff6dcccbe93
	0x7ff6dd1c29d0
	0x7ff6dd1bce50
	0x7ff6dd1dcc45
	0x7ff6dcf230ce
	0x7ff6dcf2adbf
	0x7ff6dcf10c14
	0x7ff6dcf10dcf
	0x7ff6dcef6828
	0x7ff88b95e8d7
	0x7ff88d54c53c

2025-11-04 11:00:33,869 - [Script 2] - INFO - Refreshing page and retrying...
2025-11-04 11:00:33,870 - [Script 2] - ERROR - Fatal error in main: Message: no such window: target window already closed
from unknown error: web view not found
  (Session info: chrome=142.0.7444.59)
Stacktrace:
Symbols not available. Dumping unresolved backtrace:
	0x7ff6dcf07a35
	0x7ff6dcf07a90
	0x7ff6dcc816ad
	0x7ff6dcc58e01
	0x7ff6dcd0a0be
	0x7ff6dcd2b222
	0x7ff6dcccb068
	0x7ff6dcccbe93
	0x7ff6dd1c29d0
	0x7ff6dd1bce50
	0x7ff6dd1dcc45
	0x7ff6dcf230ce
	0x7ff6dcf2adbf
	0x7ff6dcf10c14
	0x7ff6dcf10dcf
	0x7ff6dcef6828
	0x7ff88b95e8d7
	0x7ff88d54c53c

2025-11-04 11:00:33,897 - [Script 2] - ERROR - Traceback (most recent call last):
  File "c:\Users\Priyanshu Dayal\Desktop\judgements\Judgements Scrapping\scrapping-app\scripts\script2\script2.py", line 935, in fill_captcha
    captcha_img = wait.until(EC.presence_of_element_located((By.ID, "captcha_image")))
  File "C:\Users\Priyanshu Dayal\Desktop\judgements\Judgements Scrapping\venv\Lib\site-packages\selenium\webdriver\support\wait.py", line 129, in until
    value = method(self._driver)
  File "C:\Users\Priyanshu Dayal\Desktop\judgements\Judgements Scrapping\venv\Lib\site-packages\selenium\webdriver\support\expected_conditions.py", line 104, in _predicate
    return driver.find_element(*locator)
           ~~~~~~~~~~~~~~~~~~~^^^^^^^^^^
  File "C:\Users\Priyanshu Dayal\Desktop\judgements\Judgements Scrapping\venv\Lib\site-packages\selenium\webdriver\remote\webdriver.py", line 926, in find_element
    return self.execute(Command.FIND_ELEMENT, {"using": by, "value": value})["value"]
           ~~~~~~~~~~~~^^^^^^^^^^^^^^^^^^^^^^^^^^^^^^^^^^^^^^^^^^^^^^^^^^^^^
  File "C:\Users\Priyanshu Dayal\Desktop\judgements\Judgements Scrapping\venv\Lib\site-packages\selenium\webdriver\remote\webdriver.py", line 458, in execute
    self.error_handler.check_response(response)
    ~~~~~~~~~~~~~~~~~~~~~~~~~~~~~~~~~^^^^^^^^^^
  File "C:\Users\Priyanshu Dayal\Desktop\judgements\Judgements Scrapping\venv\Lib\site-packages\selenium\webdriver\remote\errorhandler.py", line 232, in check_response
    raise exception_class(message, screen, stacktrace)
selenium.common.exceptions.NoSuchWindowException: Message: no such window: target window already closed
from unknown error: web view not found
  (Session info: chrome=142.0.7444.59)
Stacktrace:
Symbols not available. Dumping unresolved backtrace:
	0x7ff6dcf07a35
	0x7ff6dcf07a90
	0x7ff6dcc816ad
	0x7ff6dcc58e01
	0x7ff6dcd0a0be
	0x7ff6dcd2b222
	0x7ff6dcccb068
	0x7ff6dcccbe93
	0x7ff6dd1c29d0
	0x7ff6dd1bce50
	0x7ff6dd1dcc45
	0x7ff6dcf230ce
	0x7ff6dcf2adbf
	0x7ff6dcf10c14
	0x7ff6dcf10dcf
	0x7ff6dcef6828
	0x7ff88b95e8d7
	0x7ff88d54c53c


During handling of the above exception, another exception occurred:

Traceback (most recent call last):
  File "c:\Users\Priyanshu Dayal\Desktop\judgements\Judgements Scrapping\scrapping-app\scripts\script2\script2.py", line 941, in fill_captcha
    driver.refresh()
    ~~~~~~~~~~~~~~^^
  File "C:\Users\Priyanshu Dayal\Desktop\judgements\Judgements Scrapping\venv\Lib\site-packages\selenium\webdriver\remote\webdriver.py", line 728, in refresh
    self.execute(Command.REFRESH)
    ~~~~~~~~~~~~^^^^^^^^^^^^^^^^^
  File "C:\Users\Priyanshu Dayal\Desktop\judgements\Judgements Scrapping\venv\Lib\site-packages\selenium\webdriver\remote\webdriver.py", line 458, in execute
    self.error_handler.check_response(response)
    ~~~~~~~~~~~~~~~~~~~~~~~~~~~~~~~~~^^^^^^^^^^
  File "C:\Users\Priyanshu Dayal\Desktop\judgements\Judgements Scrapping\venv\Lib\site-packages\selenium\webdriver\remote\errorhandler.py", line 232, in check_response
    raise exception_class(message, screen, stacktrace)
selenium.common.exceptions.NoSuchWindowException: Message: no such window: target window already closed
from unknown error: web view not found
  (Session info: chrome=142.0.7444.59)
Stacktrace:
Symbols not available. Dumping unresolved backtrace:
	0x7ff6dcf07a35
	0x7ff6dcf07a90
	0x7ff6dcc816ad
	0x7ff6dcc58e01
	0x7ff6dcd0a0be
	0x7ff6dcd2b222
	0x7ff6dcccb068
	0x7ff6dcccbe93
	0x7ff6dd1c29d0
	0x7ff6dd1bce50
	0x7ff6dd1dcc45
	0x7ff6dcf230ce
	0x7ff6dcf2adbf
	0x7ff6dcf10c14
	0x7ff6dcf10dcf
	0x7ff6dcef6828
	0x7ff88b95e8d7
	0x7ff88d54c53c


During handling of the above exception, another exception occurred:

Traceback (most recent call last):
  File "c:\Users\Priyanshu Dayal\Desktop\judgements\Judgements Scrapping\scrapping-app\scripts\script2\script2.py", line 2034, in <module>
    if not fill_captcha():
           ~~~~~~~~~~~~^^
  File "c:\Users\Priyanshu Dayal\Desktop\judgements\Judgements Scrapping\scrapping-app\scripts\script2\script2.py", line 1022, in fill_captcha
    driver.refresh()
    ~~~~~~~~~~~~~~^^
  File "C:\Users\Priyanshu Dayal\Desktop\judgements\Judgements Scrapping\venv\Lib\site-packages\selenium\webdriver\remote\webdriver.py", line 728, in refresh
    self.execute(Command.REFRESH)
    ~~~~~~~~~~~~^^^^^^^^^^^^^^^^^
  File "C:\Users\Priyanshu Dayal\Desktop\judgements\Judgements Scrapping\venv\Lib\site-packages\selenium\webdriver\remote\webdriver.py", line 458, in execute
    self.error_handler.check_response(response)
    ~~~~~~~~~~~~~~~~~~~~~~~~~~~~~~~~~^^^^^^^^^^
  File "C:\Users\Priyanshu Dayal\Desktop\judgements\Judgements Scrapping\venv\Lib\site-packages\selenium\webdriver\remote\errorhandler.py", line 232, in check_response
    raise exception_class(message, screen, stacktrace)
selenium.common.exceptions.NoSuchWindowException: Message: no such window: target window already closed
from unknown error: web view not found
  (Session info: chrome=142.0.7444.59)
Stacktrace:
Symbols not available. Dumping unresolved backtrace:
	0x7ff6dcf07a35
	0x7ff6dcf07a90
	0x7ff6dcc816ad
	0x7ff6dcc58e01
	0x7ff6dcd0a0be
	0x7ff6dcd2b222
	0x7ff6dcccb068
	0x7ff6dcccbe93
	0x7ff6dd1c29d0
	0x7ff6dd1bce50
	0x7ff6dd1dcc45
	0x7ff6dcf230ce
	0x7ff6dcf2adbf
	0x7ff6dcf10c14
	0x7ff6dcf10dcf
	0x7ff6dcef6828
	0x7ff88b95e8d7
	0x7ff88d54c53c


2025-11-04 11:00:33,898 - [Script 2] - INFO - Cleaning up browser resources for Script 2
2025-11-04 11:00:36,024 - [Script 2] - INFO - Cleanup completed for Script 2
2025-11-04 11:00:36,799 - [Script 2] - INFO - AWS clients initialized successfully
2025-11-04 11:00:36,800 - [Script 2] - INFO - ================================================================================
2025-11-04 11:00:36,800 - [Script 2] - INFO - Starting Script 2
2025-11-04 11:00:36,800 - [Script 2] - INFO - Page Range: 2,560 to 5,118
2025-11-04 11:00:36,800 - [Script 2] - INFO - Debugging Port: 9224
2025-11-04 11:00:36,800 - [Script 2] - INFO - Profile Directory: C:/temp/chrome_profile_script_2_*
2025-11-04 11:00:36,800 - [Script 2] - INFO - ================================================================================
2025-11-04 11:00:36,800 - [Script 2] - INFO - Performing pre-launch cleanup...
2025-11-04 11:00:36,801 - [Script 2] - INFO - Performing pre-launch cleanup for Script 2
2025-11-04 11:00:37,804 - [Script 2] - INFO - Force cleaning Chrome processes for Script 2
2025-11-04 11:00:37,834 - [Script 2] - INFO - Pre-launch cleanup completed for Script 2
2025-11-04 11:00:37,834 - [Script 2] - INFO - Initializing browser...
2025-11-04 11:00:37,835 - [Script 2] - INFO - Attempting to create Chrome instance (attempt 1/3) for Script 2
2025-11-04 11:00:38,831 - [Script 2] - INFO - Chrome instance created successfully for Script 2
2025-11-04 11:00:38,832 - [Script 2] - INFO - Navigating to https://judgments.ecourts.gov.in/pdfsearch/index.php
2025-11-04 11:00:43,104 - [Script 2] - ERROR - An error occurred: ('Connection aborted.', ConnectionResetError(10054, 'An existing connection was forcibly closed by the remote host', None, 10054, None))
2025-11-04 11:00:43,105 - [Script 2] - INFO - Solving captcha...
2025-11-04 11:00:43,105 - [Script 2] - INFO - Attempting to solve captcha (attempt 1/3)...
2025-11-04 11:00:43,105 - [Script 2] - ERROR - Failed to capture captcha image: 'NoneType' object has no attribute 'until'
2025-11-04 11:03:29,241 - [Script 2] - INFO - AWS clients initialized successfully
2025-11-04 11:03:29,241 - [Script 2] - INFO - ================================================================================
2025-11-04 11:03:29,241 - [Script 2] - INFO - Starting Script 2
2025-11-04 11:03:29,241 - [Script 2] - INFO - Page Range: 2,560 to 5,118
2025-11-04 11:03:29,241 - [Script 2] - INFO - Debugging Port: 9224
2025-11-04 11:03:29,241 - [Script 2] - INFO - Profile Directory: C:/temp/chrome_profile_script_2_*
2025-11-04 11:03:29,242 - [Script 2] - INFO - ================================================================================
2025-11-04 11:03:29,242 - [Script 2] - INFO - Performing pre-launch cleanup...
2025-11-04 11:03:29,242 - [Script 2] - INFO - Performing pre-launch cleanup for Script 2
2025-11-04 11:03:30,305 - [Script 2] - INFO - Force cleaning Chrome processes for Script 2
2025-11-04 11:03:30,356 - [Script 2] - INFO - Pre-launch cleanup completed for Script 2
2025-11-04 11:03:30,357 - [Script 2] - INFO - Initializing browser...
2025-11-04 11:03:30,357 - [Script 2] - INFO - Attempting to create Chrome instance (attempt 1/3) for Script 2
2025-11-04 11:03:33,127 - [Script 2] - INFO - Chrome instance created successfully for Script 2
2025-11-04 11:03:33,127 - [Script 2] - INFO - Navigating to https://judgments.ecourts.gov.in/pdfsearch/index.php
2025-11-04 11:03:37,128 - [Script 2] - INFO - Page loaded successfully.
2025-11-04 11:03:37,203 - [Script 2] - INFO - Captcha image saved as captcha.png
2025-11-04 11:03:37,204 - [Script 2] - INFO - Solving captcha...
2025-11-04 11:03:37,204 - [Script 2] - INFO - Attempting to solve captcha (attempt 1/3)...
2025-11-04 11:03:37,269 - [Script 2] - INFO - Captcha image captured
2025-11-04 11:04:18,911 - [Script 2] - INFO - Claude Prediction: MUN4L9
2025-11-04 11:04:18,911 - [Script 2] - INFO - Filling captcha input field...
2025-11-04 11:04:19,038 - [Script 2] - INFO - Submitting the captcha...
2025-11-04 11:04:30,251 - [Script 2] - INFO - Captcha submitted successfully
2025-11-04 11:04:30,251 - [Script 2] - INFO - Waiting for page to load...
2025-11-04 11:04:31,251 - [Script 2] - INFO - Waiting for loading modal to appear...
2025-11-04 11:04:41,665 - [Script 2] - INFO - Loading modal might not have appeared or was too quick: Message: 

2025-11-04 11:04:41,674 - [Script 2] - INFO - Page processing completed.
2025-11-04 11:04:43,800 - [Script 2] - INFO - Setting table display count to 100...
2025-11-04 11:04:43,801 - [Script 2] - INFO - Setting table display count to 100...
2025-11-04 11:04:44,958 - [Script 2] - INFO - Successfully set table display count to 100
2025-11-04 11:04:47,959 - [Script 2] - INFO - Starting page processing...
2025-11-04 11:04:47,959 - [Script 2] - INFO - Script execution started successfully
2025-11-04 11:04:47,960 - [Script 2] - INFO - Script 2 configured: Pages 42218 to 84434
2025-11-04 11:04:47,960 - [Script 2] - INFO - Description: Instance 2 - Processes second 25% of results
2025-11-04 11:04:47,960 - [Script 2] - INFO - Script 2: Starting from configured page 42218
2025-11-04 11:04:47,960 - [Script 2] - INFO - Script 2 will process pages 42218 to 84434
2025-11-04 11:04:47,960 - [Script 2] - INFO - Starting new comprehensive PDF download process...
2025-11-04 11:04:47,962 - [Script 2] - INFO - Progress saved to C:\Users\Priyanshu Dayal\Desktop\judgements\Judgements Scrapping\scrapping-app\scripts\script2\script2_progress.json
2025-11-04 11:04:47,963 - [Script 2] - INFO - Navigating to starting page 42218...
2025-11-04 11:04:47,963 - [Script 2] - INFO - Navigating to page 42218 (attempt 1/2)...
2025-11-04 11:05:13,772 - [Script 2] - INFO - Waiting for page navigation to complete...
2025-11-04 11:05:18,828 - [Script 2] - INFO - Successfully navigated to page 42218
2025-11-04 11:05:18,828 - [Script 2] - INFO - 
=== Processing Page 42218 ===
2025-11-04 11:05:18,828 - [Script 2] - INFO - Progress: Page 42218 of 84434 (Script 2)
2025-11-04 11:05:18,828 - [Script 2] - INFO - Extracting table data...
2025-11-04 11:05:18,935 - [Script 2] - INFO - Extracted data for row 1: WP/12923/2016 of M. SEENAPPA, CHITTOOR DIST AND 3 ...
2025-11-04 12:43:56,404 - [Script 2] - INFO - AWS clients initialized successfully
2025-11-04 12:43:56,405 - [Script 2] - INFO - ================================================================================
2025-11-04 12:43:56,405 - [Script 2] - INFO - Starting Script 2
2025-11-04 12:43:56,405 - [Script 2] - INFO - Page Range: 2,560 to 5,118
2025-11-04 12:43:56,405 - [Script 2] - INFO - Debugging Port: 9224
2025-11-04 12:43:56,405 - [Script 2] - INFO - Profile Directory: C:/temp/chrome_profile_script_2_*
2025-11-04 12:43:56,405 - [Script 2] - INFO - ================================================================================
2025-11-04 12:43:56,405 - [Script 2] - INFO - Performing pre-launch cleanup...
2025-11-04 12:43:56,405 - [Script 2] - INFO - Performing pre-launch cleanup for Script 2
2025-11-04 12:43:57,541 - [Script 2] - INFO - Force cleaning Chrome processes for Script 2
2025-11-04 12:43:57,571 - [Script 2] - INFO - Pre-launch cleanup completed for Script 2
2025-11-04 12:43:57,571 - [Script 2] - INFO - Initializing browser...
2025-11-04 12:43:57,571 - [Script 2] - INFO - Attempting to create Chrome instance (attempt 1/3) for Script 2
2025-11-04 12:43:58,619 - [Script 2] - INFO - Chrome instance created successfully for Script 2
2025-11-04 12:43:58,619 - [Script 2] - INFO - Navigating to https://judgments.ecourts.gov.in/pdfsearch/index.php
2025-11-04 12:44:02,753 - [Script 2] - INFO - Page loaded successfully.
2025-11-04 12:44:02,827 - [Script 2] - INFO - Captcha image saved as captcha.png
2025-11-04 12:44:02,827 - [Script 2] - INFO - Solving captcha...
2025-11-04 12:44:02,828 - [Script 2] - INFO - Attempting to solve captcha (attempt 1/3)...
2025-11-04 12:44:02,911 - [Script 2] - INFO - Captcha image captured
2025-11-04 12:44:54,213 - [Script 2] - INFO - Claude Prediction: aPWmBE
2025-11-04 12:44:54,213 - [Script 2] - INFO - Filling captcha input field...
2025-11-04 12:44:54,302 - [Script 2] - INFO - Submitting the captcha...
2025-11-04 12:44:58,007 - [Script 2] - INFO - Captcha submitted successfully
2025-11-04 12:44:58,007 - [Script 2] - INFO - Waiting for page to load...
2025-11-04 12:44:59,008 - [Script 2] - INFO - Waiting for loading modal to appear...
2025-11-04 12:45:02,027 - [Script 2] - INFO - Loading modal appeared, waiting for it to disappear...
2025-11-04 12:45:02,556 - [Script 2] - INFO - Loading modal disappeared.
2025-11-04 12:45:02,567 - [Script 2] - INFO - Page processing completed.
2025-11-04 12:45:04,694 - [Script 2] - INFO - Setting table display count to 100...
2025-11-04 12:45:04,695 - [Script 2] - INFO - Setting table display count to 100...
2025-11-04 12:45:05,825 - [Script 2] - INFO - Successfully set table display count to 100
2025-11-04 12:45:08,826 - [Script 2] - INFO - Starting page processing...
2025-11-04 12:45:08,827 - [Script 2] - INFO - Script execution started successfully
2025-11-04 12:45:08,828 - [Script 2] - INFO - Script 2 configured: Pages 42218 to 84434
2025-11-04 12:45:08,828 - [Script 2] - INFO - Description: Instance 2 - Processes second 25% of results
2025-11-04 12:45:08,829 - [Script 2] - INFO - Script 2: Starting from configured page 42218
2025-11-04 12:45:08,829 - [Script 2] - INFO - Script 2 will process pages 42218 to 84434
2025-11-04 12:45:08,829 - [Script 2] - INFO - Starting new comprehensive PDF download process...
2025-11-04 12:45:08,830 - [Script 2] - INFO - Progress saved to C:\Users\Priyanshu Dayal\Desktop\judgements\Judgements Scrapping\scrapping-app\scripts\script2\script2_progress.json
2025-11-04 12:45:08,831 - [Script 2] - INFO - Navigating to starting page 42218...
2025-11-04 12:45:08,831 - [Script 2] - INFO - Navigating to page 42218 (attempt 1/2)...
2025-11-04 12:45:31,489 - [Script 2] - INFO - Waiting for page navigation to complete...
2025-11-04 12:45:36,523 - [Script 2] - INFO - Successfully navigated to page 42218
2025-11-04 12:45:36,523 - [Script 2] - INFO - 
=== Processing Page 42218 ===
2025-11-04 12:45:36,523 - [Script 2] - INFO - Progress: Page 42218 of 84434 (Script 2)
2025-11-04 12:45:36,524 - [Script 2] - INFO - Extracting table data...
2025-11-04 13:31:41,210 - [Script 2] - INFO - \nScript interrupted by user
2025-11-04 13:31:41,210 - [Script 2] - INFO - Cleaning up browser resources for Script 2
2025-11-04 13:31:45,267 - [Script 2] - WARNING - Retrying (Retry(total=2, connect=None, read=None, redirect=None, status=None)) after connection broken by 'NewConnectionError('<urllib3.connection.HTTPConnection object at 0x00000207477CCAD0>: Failed to establish a new connection: [WinError 10061] No connection could be made because the target machine actively refused it')': /session/d5e33e78720565136629151c999de565
2025-11-04 13:31:49,333 - [Script 2] - WARNING - Retrying (Retry(total=1, connect=None, read=None, redirect=None, status=None)) after connection broken by 'NewConnectionError('<urllib3.connection.HTTPConnection object at 0x0000020747765A90>: Failed to establish a new connection: [WinError 10061] No connection could be made because the target machine actively refused it')': /session/d5e33e78720565136629151c999de565
2025-11-04 13:31:53,385 - [Script 2] - WARNING - Retrying (Retry(total=0, connect=None, read=None, redirect=None, status=None)) after connection broken by 'NewConnectionError('<urllib3.connection.HTTPConnection object at 0x0000020747765950>: Failed to establish a new connection: [WinError 10061] No connection could be made because the target machine actively refused it')': /session/d5e33e78720565136629151c999de565
2025-11-04 13:31:57,918 - [Script 2] - INFO - Cleanup completed for Script 2
